<?xml version="1.0" encoding="UTF-8"?>
<!-- Generated by org.testng.reporters.JUnitReportReporter -->
<testsuite hostname="QABased_001" failures="0" tests="1" name="APITests" time="1.391" errors="0" timestamp="2024-06-14T09:07:35 BST" skipped="0">
  <testcase classname="APITests" name="test1" time="1.391"/>
</testsuite> <!-- APITests -->
